<?xml version="1.0" encoding="UTF-8"?>
<testsuite xmlns:xsi="http://www.w3.org/2001/XMLSchema-instance" xsi:noNamespaceSchemaLocation="https://maven.apache.org/surefire/maven-surefire-plugin/xsd/surefire-test-report-3.0.xsd" version="3.0" name="com.ratelimiter.RateLimiterIntegrationTest" time="10.872" tests="7" errors="0" skipped="0" failures="0">
  <properties>
[...]
</properties>
  <testcase name="testDifferentIdentifiersTrackedSeparately" classname="com.ratelimiter.RateLimiterIntegrationTest" time="1.659">
    <system-out><![CDATA[20:36:51.218 [main] INFO org.springframework.test.context.support.AnnotationConfigContextLoaderUtils -- Could not detect default configuration classes for test class [com.ratelimiter.RateLimiterIntegrationTest]: RateLimiterIntegrationTest does not declare any static, non-private, non-final, nested classes annotated with @Configuration.
20:36:51.296 [main] INFO org.springframework.boot.test.context.SpringBootTestContextBootstrapper -- Found @SpringBootConfiguration com.ratelimiter.ApiRateLimiterApplication for test class com.ratelimiter.RateLimiterIntegrationTest

  .   ____          _            __ _ _
 /\\ / ___'_ __ _ _(_)_ __  __ _ \ \ \ \
( ( )\___ | '_ | '_| | '_ \/ _` | \ \ \ \
 \\/  ___)| |_)| | | | | || (_| |  ) ) ) )
  '  |____| .__|_| |_|_| |_\__, | / / / /
 =========|_|==============|___/=/_/_/_/
 :: Spring Boot ::                (v3.2.2)

2026-02-18T20:36:51.544+05:30  INFO 75909 --- [           main] c.r.RateLimiterIntegrationTest           : Starting RateLimiterIntegrationTest using Java 25.0.2 with PID 75909 (started by anubhavgarg in /Users/anubhavgarg/Downloads/API-Rate-Limiter)
2026-02-18T20:36:51.545+05:30  INFO 75909 --- [           main] c.r.RateLimiterIntegrationTest           : No active profile set, falling back to 1 default profile: "default"
2026-02-18T20:36:52.319+05:30  INFO 75909 --- [           main] .s.d.r.c.RepositoryConfigurationDelegate : Multiple Spring Data modules found, entering strict repository configuration mode
2026-02-18T20:36:52.320+05:30  INFO 75909 --- [           main] .s.d.r.c.RepositoryConfigurationDelegate : Bootstrapping Spring Data JPA repositories in DEFAULT mode.
2026-02-18T20:36:52.430+05:30  INFO 75909 --- [           main] .s.d.r.c.RepositoryConfigurationDelegate : Finished Spring Data repository scanning in 104 ms. Found 1 JPA repository interface.
2026-02-18T20:36:52.444+05:30  INFO 75909 --- [           main] .s.d.r.c.RepositoryConfigurationDelegate : Multiple Spring Data modules found, entering strict repository configuration mode
2026-02-18T20:36:52.445+05:30  INFO 75909 --- [           main] .s.d.r.c.RepositoryConfigurationDelegate : Bootstrapping Spring Data Redis repositories in DEFAULT mode.
2026-02-18T20:36:52.456+05:30  INFO 75909 --- [           main] .RepositoryConfigurationExtensionSupport : Spring Data Redis - Could not safely identify store assignment for repository candidate interface com.ratelimiter.repository.RateLimitConfigRepository; If you want this repository to be a Redis repository, consider annotating your entities with one of these annotations: org.springframework.data.redis.core.RedisHash (preferred), or consider extending one of the following types with your repository: org.springframework.data.keyvalue.repository.KeyValueRepository
2026-02-18T20:36:52.456+05:30  INFO 75909 --- [           main] .s.d.r.c.RepositoryConfigurationDelegate : Finished Spring Data repository scanning in 5 ms. Found 0 Redis repository interfaces.
2026-02-18T20:36:52.944+05:30  INFO 75909 --- [           main] o.hibernate.jpa.internal.util.LogHelper  : HHH000204: Processing PersistenceUnitInfo [name: default]
2026-02-18T20:36:52.985+05:30  INFO 75909 --- [           main] org.hibernate.Version                    : HHH000412: Hibernate ORM core version 6.4.1.Final
2026-02-18T20:36:53.009+05:30  INFO 75909 --- [           main] o.h.c.internal.RegionFactoryInitiator    : HHH000026: Second-level cache disabled
2026-02-18T20:36:53.191+05:30  INFO 75909 --- [           main] o.s.o.j.p.SpringPersistenceUnitInfo      : No LoadTimeWeaver setup: ignoring JPA class transformer
2026-02-18T20:36:53.210+05:30  INFO 75909 --- [           main] com.zaxxer.hikari.HikariDataSource       : HikariPool-1 - Starting...
2026-02-18T20:36:53.336+05:30  INFO 75909 --- [           main] com.zaxxer.hikari.pool.HikariPool        : HikariPool-1 - Added connection conn0: url=jdbc:h2:mem:testdb user=SA
2026-02-18T20:36:53.337+05:30  INFO 75909 --- [           main] com.zaxxer.hikari.HikariDataSource       : HikariPool-1 - Start completed.
2026-02-18T20:36:53.356+05:30  WARN 75909 --- [           main] org.hibernate.orm.deprecation            : HHH90000025: H2Dialect does not need to be specified explicitly using 'hibernate.dialect' (remove the property setting and it will be selected by default)
2026-02-18T20:36:53.941+05:30  INFO 75909 --- [           main] o.h.e.t.j.p.i.JtaPlatformInitiator       : HHH000489: No JTA platform available (set 'hibernate.transaction.jta.platform' to enable JTA platform integration)
2026-02-18T20:36:53.965+05:30  INFO 75909 --- [           main] j.LocalContainerEntityManagerFactoryBean : Initialized JPA EntityManagerFactory for persistence unit 'default'
2026-02-18T20:36:54.259+05:30  INFO 75909 --- [           main] c.r.service.RateLimiterService           : Rate Limiter using: TOKEN_BUCKET algorithm
2026-02-18T20:36:54.562+05:30  WARN 75909 --- [           main] JpaBaseConfiguration$JpaWebConfiguration : spring.jpa.open-in-view is enabled by default. Therefore, database queries may be performed during view rendering. Explicitly configure spring.jpa.open-in-view to disable this warning
2026-02-18T20:36:55.466+05:30  INFO 75909 --- [           main] o.s.b.t.m.w.SpringBootMockServletContext : Initializing Spring TestDispatcherServlet ''
2026-02-18T20:36:55.466+05:30  INFO 75909 --- [           main] o.s.t.web.servlet.TestDispatcherServlet  : Initializing Servlet ''
2026-02-18T20:36:55.477+05:30  INFO 75909 --- [           main] o.s.b.a.e.web.EndpointLinksResolver      : Exposing 1 endpoint(s) beneath base path '/actuator'
2026-02-18T20:36:55.516+05:30  INFO 75909 --- [           main] o.s.t.web.servlet.TestDispatcherServlet  : Completed initialization in 50 ms
2026-02-18T20:36:55.608+05:30  INFO 75909 --- [           main] c.r.RateLimiterIntegrationTest           : Started RateLimiterIntegrationTest in 4.228 seconds (process running for 4.936)
2026-02-18T20:36:55.731+05:30  INFO 75909 --- [           main] j.LocalContainerEntityManagerFactoryBean : Closing JPA EntityManagerFactory for persistence unit 'default'
2026-02-18T20:36:55.734+05:30  INFO 75909 --- [           main] com.zaxxer.hikari.HikariDataSource       : HikariPool-1 - Shutdown initiated...
2026-02-18T20:36:55.736+05:30  INFO 75909 --- [           main] com.zaxxer.hikari.HikariDataSource       : HikariPool-1 - Shutdown completed.

  .   ____          _            __ _ _
 /\\ / ___'_ __ _ _(_)_ __  __ _ \ \ \ \
( ( )\___ | '_ | '_| | '_ \/ _` | \ \ \ \
 \\/  ___)| |_)| | | | | || (_| |  ) ) ) )
  '  |____| .__|_| |_|_| |_\__, | / / / /
 =========|_|==============|___/=/_/_/_/
 :: Spring Boot ::                (v3.2.2)

2026-02-18T20:36:55.757+05:30  INFO 75909 --- [           main] c.r.RateLimiterIntegrationTest           : Starting RateLimiterIntegrationTest using Java 25.0.2 with PID 75909 (started by anubhavgarg in /Users/anubhavgarg/Downloads/API-Rate-Limiter)
2026-02-18T20:36:55.757+05:30  INFO 75909 --- [           main] c.r.RateLimiterIntegrationTest           : No active profile set, falling back to 1 default profile: "default"
2026-02-18T20:36:55.960+05:30  INFO 75909 --- [           main] .s.d.r.c.RepositoryConfigurationDelegate : Multiple Spring Data modules found, entering strict repository configuration mode
2026-02-18T20:36:55.960+05:30  INFO 75909 --- [           main] .s.d.r.c.RepositoryConfigurationDelegate : Bootstrapping Spring Data JPA repositories in DEFAULT mode.
2026-02-18T20:36:55.970+05:30  INFO 75909 --- [           main] .s.d.r.c.RepositoryConfigurationDelegate : Finished Spring Data repository scanning in 9 ms. Found 1 JPA repository interface.
2026-02-18T20:36:55.972+05:30  INFO 75909 --- [           main] .s.d.r.c.RepositoryConfigurationDelegate : Multiple Spring Data modules found, entering strict repository configuration mode
2026-02-18T20:36:55.972+05:30  INFO 75909 --- [           main] .s.d.r.c.RepositoryConfigurationDelegate : Bootstrapping Spring Data Redis repositories in DEFAULT mode.
2026-02-18T20:36:55.975+05:30  INFO 75909 --- [           main] .RepositoryConfigurationExtensionSupport : Spring Data Redis - Could not safely identify store assignment for repository candidate interface com.ratelimiter.repository.RateLimitConfigRepository; If you want this repository to be a Redis repository, consider annotating your entities with one of these annotations: org.springframework.data.redis.core.RedisHash (preferred), or consider extending one of the following types with your repository: org.springframework.data.keyvalue.repository.KeyValueRepository
2026-02-18T20:36:55.975+05:30  INFO 75909 --- [           main] .s.d.r.c.RepositoryConfigurationDelegate : Finished Spring Data repository scanning in 2 ms. Found 0 Redis repository interfaces.
2026-02-18T20:36:56.074+05:30  INFO 75909 --- [           main] o.hibernate.jpa.internal.util.LogHelper  : HHH000204: Processing PersistenceUnitInfo [name: default]
2026-02-18T20:36:56.076+05:30  INFO 75909 --- [           main] o.h.c.internal.RegionFactoryInitiator    : HHH000026: Second-level cache disabled
2026-02-18T20:36:56.078+05:30  INFO 75909 --- [           main] o.s.o.j.p.SpringPersistenceUnitInfo      : No LoadTimeWeaver setup: ignoring JPA class transformer
2026-02-18T20:36:56.079+05:30  INFO 75909 --- [           main] com.zaxxer.hikari.HikariDataSource       : HikariPool-2 - Starting...
2026-02-18T20:36:56.080+05:30  INFO 75909 --- [           main] com.zaxxer.hikari.pool.HikariPool        : HikariPool-2 - Added connection conn10: url=jdbc:h2:mem:testdb user=SA
2026-02-18T20:36:56.080+05:30  INFO 75909 --- [           main] com.zaxxer.hikari.HikariDataSource       : HikariPool-2 - Start completed.
2026-02-18T20:36:56.080+05:30  WARN 75909 --- [           main] org.hibernate.orm.deprecation            : HHH90000025: H2Dialect does not need to be specified explicitly using 'hibernate.dialect' (remove the property setting and it will be selected by default)
2026-02-18T20:36:56.112+05:30  INFO 75909 --- [           main] o.h.e.t.j.p.i.JtaPlatformInitiator       : HHH000489: No JTA platform available (set 'hibernate.transaction.jta.platform' to enable JTA platform integration)
2026-02-18T20:36:56.114+05:30  INFO 75909 --- [           main] j.LocalContainerEntityManagerFactoryBean : Initialized JPA EntityManagerFactory for persistence unit 'default'
2026-02-18T20:36:56.211+05:30  INFO 75909 --- [           main] c.r.service.RateLimiterService           : Rate Limiter using: TOKEN_BUCKET algorithm
2026-02-18T20:36:56.328+05:30  WARN 75909 --- [           main] JpaBaseConfiguration$JpaWebConfiguration : spring.jpa.open-in-view is enabled by default. Therefore, database queries may be performed during view rendering. Explicitly configure spring.jpa.open-in-view to disable this warning
2026-02-18T20:36:56.630+05:30  INFO 75909 --- [           main] o.s.b.t.m.w.SpringBootMockServletContext : Initializing Spring TestDispatcherServlet ''
2026-02-18T20:36:56.630+05:30  INFO 75909 --- [           main] o.s.t.web.servlet.TestDispatcherServlet  : Initializing Servlet ''
2026-02-18T20:36:56.635+05:30  INFO 75909 --- [           main] o.s.b.a.e.web.EndpointLinksResolver      : Exposing 1 endpoint(s) beneath base path '/actuator'
2026-02-18T20:36:56.648+05:30  INFO 75909 --- [           main] o.s.t.web.servlet.TestDispatcherServlet  : Completed initialization in 18 ms
2026-02-18T20:36:56.700+05:30  INFO 75909 --- [           main] c.r.RateLimiterIntegrationTest           : Started RateLimiterIntegrationTest in 0.961 seconds (process running for 6.028)
2026-02-18T20:36:57.328+05:30  WARN 75909 --- [           main] c.r.service.RateLimiterService           : Rate limit exceeded for identifier: integration-userA
]]></system-out>
    <system-err><![CDATA[WARNING: A Java agent has been loaded dynamically (/Users/anubhavgarg/.m2/repository/net/bytebuddy/byte-buddy-agent/1.14.11/byte-buddy-agent-1.14.11.jar)
WARNING: If a serviceability tool is in use, please run with -XX:+EnableDynamicAgentLoading to hide this warning
WARNING: If a serviceability tool is not in use, please run with -Djdk.instrument.traceUsage for more information
WARNING: Dynamic loading of agents will be disallowed by default in a future release
]]></system-err>
  </testcase>
  <testcase name="testResetEndpointClearsLimit" classname="com.ratelimiter.RateLimiterIntegrationTest" time="1.189">
    <system-out><![CDATA[2026-02-18T20:36:57.380+05:30  INFO 75909 --- [           main] j.LocalContainerEntityManagerFactoryBean : Closing JPA EntityManagerFactory for persistence unit 'default'
2026-02-18T20:36:57.382+05:30  INFO 75909 --- [           main] com.zaxxer.hikari.HikariDataSource       : HikariPool-2 - Shutdown initiated...
2026-02-18T20:36:57.383+05:30  INFO 75909 --- [           main] com.zaxxer.hikari.HikariDataSource       : HikariPool-2 - Shutdown completed.

  .   ____          _            __ _ _
 /\\ / ___'_ __ _ _(_)_ __  __ _ \ \ \ \
( ( )\___ | '_ | '_| | '_ \/ _` | \ \ \ \
 \\/  ___)| |_)| | | | | || (_| |  ) ) ) )
  '  |____| .__|_| |_|_| |_\__, | / / / /
 =========|_|==============|___/=/_/_/_/
 :: Spring Boot ::                (v3.2.2)

2026-02-18T20:36:57.437+05:30  INFO 75909 --- [           main] c.r.RateLimiterIntegrationTest           : Starting RateLimiterIntegrationTest using Java 25.0.2 with PID 75909 (started by anubhavgarg in /Users/anubhavgarg/Downloads/API-Rate-Limiter)
2026-02-18T20:36:57.438+05:30  INFO 75909 --- [           main] c.r.RateLimiterIntegrationTest           : No active profile set, falling back to 1 default profile: "default"
2026-02-18T20:36:57.931+05:30  INFO 75909 --- [           main] .s.d.r.c.RepositoryConfigurationDelegate : Multiple Spring Data modules found, entering strict repository configuration mode
2026-02-18T20:36:57.931+05:30  INFO 75909 --- [           main] .s.d.r.c.RepositoryConfigurationDelegate : Bootstrapping Spring Data JPA repositories in DEFAULT mode.
2026-02-18T20:36:57.938+05:30  INFO 75909 --- [           main] .s.d.r.c.RepositoryConfigurationDelegate : Finished Spring Data repository scanning in 7 ms. Found 1 JPA repository interface.
2026-02-18T20:36:57.940+05:30  INFO 75909 --- [           main] .s.d.r.c.RepositoryConfigurationDelegate : Multiple Spring Data modules found, entering strict repository configuration mode
2026-02-18T20:36:57.940+05:30  INFO 75909 --- [           main] .s.d.r.c.RepositoryConfigurationDelegate : Bootstrapping Spring Data Redis repositories in DEFAULT mode.
2026-02-18T20:36:57.942+05:30  INFO 75909 --- [           main] .RepositoryConfigurationExtensionSupport : Spring Data Redis - Could not safely identify store assignment for repository candidate interface com.ratelimiter.repository.RateLimitConfigRepository; If you want this repository to be a Redis repository, consider annotating your entities with one of these annotations: org.springframework.data.redis.core.RedisHash (preferred), or consider extending one of the following types with your repository: org.springframework.data.keyvalue.repository.KeyValueRepository
2026-02-18T20:36:57.942+05:30  INFO 75909 --- [           main] .s.d.r.c.RepositoryConfigurationDelegate : Finished Spring Data repository scanning in 2 ms. Found 0 Redis repository interfaces.
2026-02-18T20:36:58.008+05:30  INFO 75909 --- [           main] o.hibernate.jpa.internal.util.LogHelper  : HHH000204: Processing PersistenceUnitInfo [name: default]
2026-02-18T20:36:58.009+05:30  INFO 75909 --- [           main] o.h.c.internal.RegionFactoryInitiator    : HHH000026: Second-level cache disabled
2026-02-18T20:36:58.011+05:30  INFO 75909 --- [           main] o.s.o.j.p.SpringPersistenceUnitInfo      : No LoadTimeWeaver setup: ignoring JPA class transformer
2026-02-18T20:36:58.011+05:30  INFO 75909 --- [           main] com.zaxxer.hikari.HikariDataSource       : HikariPool-3 - Starting...
2026-02-18T20:36:58.012+05:30  INFO 75909 --- [           main] com.zaxxer.hikari.pool.HikariPool        : HikariPool-3 - Added connection conn20: url=jdbc:h2:mem:testdb user=SA
2026-02-18T20:36:58.012+05:30  INFO 75909 --- [           main] com.zaxxer.hikari.HikariDataSource       : HikariPool-3 - Start completed.
2026-02-18T20:36:58.013+05:30  WARN 75909 --- [           main] org.hibernate.orm.deprecation            : HHH90000025: H2Dialect does not need to be specified explicitly using 'hibernate.dialect' (remove the property setting and it will be selected by default)
2026-02-18T20:36:58.035+05:30  INFO 75909 --- [           main] o.h.e.t.j.p.i.JtaPlatformInitiator       : HHH000489: No JTA platform available (set 'hibernate.transaction.jta.platform' to enable JTA platform integration)
2026-02-18T20:36:58.037+05:30  INFO 75909 --- [           main] j.LocalContainerEntityManagerFactoryBean : Initialized JPA EntityManagerFactory for persistence unit 'default'
2026-02-18T20:36:58.097+05:30  INFO 75909 --- [           main] c.r.service.RateLimiterService           : Rate Limiter using: TOKEN_BUCKET algorithm
2026-02-18T20:36:58.201+05:30  WARN 75909 --- [           main] JpaBaseConfiguration$JpaWebConfiguration : spring.jpa.open-in-view is enabled by default. Therefore, database queries may be performed during view rendering. Explicitly configure spring.jpa.open-in-view to disable this warning
2026-02-18T20:36:58.455+05:30  INFO 75909 --- [           main] o.s.b.t.m.w.SpringBootMockServletContext : Initializing Spring TestDispatcherServlet ''
2026-02-18T20:36:58.455+05:30  INFO 75909 --- [           main] o.s.t.web.servlet.TestDispatcherServlet  : Initializing Servlet ''
2026-02-18T20:36:58.458+05:30  INFO 75909 --- [           main] o.s.b.a.e.web.EndpointLinksResolver      : Exposing 1 endpoint(s) beneath base path '/actuator'
2026-02-18T20:36:58.464+05:30  INFO 75909 --- [           main] o.s.t.web.servlet.TestDispatcherServlet  : Completed initialization in 8 ms
2026-02-18T20:36:58.479+05:30  INFO 75909 --- [           main] c.r.RateLimiterIntegrationTest           : Started RateLimiterIntegrationTest in 1.093 seconds (process running for 7.808)
2026-02-18T20:36:58.523+05:30  WARN 75909 --- [           main] c.r.service.RateLimiterService           : Rate limit exceeded for identifier: integration-user-4
2026-02-18T20:36:58.532+05:30  INFO 75909 --- [           main] c.r.service.RateLimiterService           : Rate limit reset for identifier: integration-user-4
]]></system-out>
  </testcase>
  <testcase name="testStatusEndpointReturnsCorrectInfo" classname="com.ratelimiter.RateLimiterIntegrationTest" time="0.736">
    <system-out><![CDATA[2026-02-18T20:36:58.567+05:30  INFO 75909 --- [           main] j.LocalContainerEntityManagerFactoryBean : Closing JPA EntityManagerFactory for persistence unit 'default'
2026-02-18T20:36:58.568+05:30  INFO 75909 --- [           main] com.zaxxer.hikari.HikariDataSource       : HikariPool-3 - Shutdown initiated...
2026-02-18T20:36:58.569+05:30  INFO 75909 --- [           main] com.zaxxer.hikari.HikariDataSource       : HikariPool-3 - Shutdown completed.

  .   ____          _            __ _ _
 /\\ / ___'_ __ _ _(_)_ __  __ _ \ \ \ \
( ( )\___ | '_ | '_| | '_ \/ _` | \ \ \ \
 \\/  ___)| |_)| | | | | || (_| |  ) ) ) )
  '  |____| .__|_| |_|_| |_\__, | / / / /
 =========|_|==============|___/=/_/_/_/
 :: Spring Boot ::                (v3.2.2)

2026-02-18T20:36:58.583+05:30  INFO 75909 --- [           main] c.r.RateLimiterIntegrationTest           : Starting RateLimiterIntegrationTest using Java 25.0.2 with PID 75909 (started by anubhavgarg in /Users/anubhavgarg/Downloads/API-Rate-Limiter)
2026-02-18T20:36:58.583+05:30  INFO 75909 --- [           main] c.r.RateLimiterIntegrationTest           : No active profile set, falling back to 1 default profile: "default"
2026-02-18T20:36:58.752+05:30  INFO 75909 --- [           main] .s.d.r.c.RepositoryConfigurationDelegate : Multiple Spring Data modules found, entering strict repository configuration mode
2026-02-18T20:36:58.753+05:30  INFO 75909 --- [           main] .s.d.r.c.RepositoryConfigurationDelegate : Bootstrapping Spring Data JPA repositories in DEFAULT mode.
2026-02-18T20:36:58.761+05:30  INFO 75909 --- [           main] .s.d.r.c.RepositoryConfigurationDelegate : Finished Spring Data repository scanning in 7 ms. Found 1 JPA repository interface.
2026-02-18T20:36:58.762+05:30  INFO 75909 --- [           main] .s.d.r.c.RepositoryConfigurationDelegate : Multiple Spring Data modules found, entering strict repository configuration mode
2026-02-18T20:36:58.762+05:30  INFO 75909 --- [           main] .s.d.r.c.RepositoryConfigurationDelegate : Bootstrapping Spring Data Redis repositories in DEFAULT mode.
2026-02-18T20:36:58.766+05:30  INFO 75909 --- [           main] .RepositoryConfigurationExtensionSupport : Spring Data Redis - Could not safely identify store assignment for repository candidate interface com.ratelimiter.repository.RateLimitConfigRepository; If you want this repository to be a Redis repository, consider annotating your entities with one of these annotations: org.springframework.data.redis.core.RedisHash (preferred), or consider extending one of the following types with your repository: org.springframework.data.keyvalue.repository.KeyValueRepository
2026-02-18T20:36:58.766+05:30  INFO 75909 --- [           main] .s.d.r.c.RepositoryConfigurationDelegate : Finished Spring Data repository scanning in 3 ms. Found 0 Redis repository interfaces.
2026-02-18T20:36:58.840+05:30  INFO 75909 --- [           main] o.hibernate.jpa.internal.util.LogHelper  : HHH000204: Processing PersistenceUnitInfo [name: default]
2026-02-18T20:36:58.842+05:30  INFO 75909 --- [           main] o.h.c.internal.RegionFactoryInitiator    : HHH000026: Second-level cache disabled
2026-02-18T20:36:58.845+05:30  INFO 75909 --- [           main] o.s.o.j.p.SpringPersistenceUnitInfo      : No LoadTimeWeaver setup: ignoring JPA class transformer
2026-02-18T20:36:58.845+05:30  INFO 75909 --- [           main] com.zaxxer.hikari.HikariDataSource       : HikariPool-4 - Starting...
2026-02-18T20:36:58.846+05:30  INFO 75909 --- [           main] com.zaxxer.hikari.pool.HikariPool        : HikariPool-4 - Added connection conn30: url=jdbc:h2:mem:testdb user=SA
2026-02-18T20:36:58.847+05:30  INFO 75909 --- [           main] com.zaxxer.hikari.HikariDataSource       : HikariPool-4 - Start completed.
2026-02-18T20:36:58.847+05:30  WARN 75909 --- [           main] org.hibernate.orm.deprecation            : HHH90000025: H2Dialect does not need to be specified explicitly using 'hibernate.dialect' (remove the property setting and it will be selected by default)
2026-02-18T20:36:58.876+05:30  INFO 75909 --- [           main] o.h.e.t.j.p.i.JtaPlatformInitiator       : HHH000489: No JTA platform available (set 'hibernate.transaction.jta.platform' to enable JTA platform integration)
2026-02-18T20:36:58.878+05:30  INFO 75909 --- [           main] j.LocalContainerEntityManagerFactoryBean : Initialized JPA EntityManagerFactory for persistence unit 'default'
2026-02-18T20:36:58.939+05:30  INFO 75909 --- [           main] c.r.service.RateLimiterService           : Rate Limiter using: TOKEN_BUCKET algorithm
2026-02-18T20:36:59.026+05:30  WARN 75909 --- [           main] JpaBaseConfiguration$JpaWebConfiguration : spring.jpa.open-in-view is enabled by default. Therefore, database queries may be performed during view rendering. Explicitly configure spring.jpa.open-in-view to disable this warning
2026-02-18T20:36:59.248+05:30  INFO 75909 --- [           main] o.s.b.t.m.w.SpringBootMockServletContext : Initializing Spring TestDispatcherServlet ''
2026-02-18T20:36:59.249+05:30  INFO 75909 --- [           main] o.s.t.web.servlet.TestDispatcherServlet  : Initializing Servlet ''
2026-02-18T20:36:59.252+05:30  INFO 75909 --- [           main] o.s.b.a.e.web.EndpointLinksResolver      : Exposing 1 endpoint(s) beneath base path '/actuator'
2026-02-18T20:36:59.258+05:30  INFO 75909 --- [           main] o.s.t.web.servlet.TestDispatcherServlet  : Completed initialization in 9 ms
2026-02-18T20:36:59.275+05:30  INFO 75909 --- [           main] c.r.RateLimiterIntegrationTest           : Started RateLimiterIntegrationTest in 0.705 seconds (process running for 8.603)
]]></system-out>
  </testcase>
  <testcase name="testFirstNRequestsSucceedThenNextFails" classname="com.ratelimiter.RateLimiterIntegrationTest" time="0.707">
    <system-out><![CDATA[2026-02-18T20:36:59.305+05:30  INFO 75909 --- [           main] j.LocalContainerEntityManagerFactoryBean : Closing JPA EntityManagerFactory for persistence unit 'default'
2026-02-18T20:36:59.307+05:30  INFO 75909 --- [           main] com.zaxxer.hikari.HikariDataSource       : HikariPool-4 - Shutdown initiated...
2026-02-18T20:36:59.307+05:30  INFO 75909 --- [           main] com.zaxxer.hikari.HikariDataSource       : HikariPool-4 - Shutdown completed.

  .   ____          _            __ _ _
 /\\ / ___'_ __ _ _(_)_ __  __ _ \ \ \ \
( ( )\___ | '_ | '_| | '_ \/ _` | \ \ \ \
 \\/  ___)| |_)| | | | | || (_| |  ) ) ) )
  '  |____| .__|_| |_|_| |_\__, | / / / /
 =========|_|==============|___/=/_/_/_/
 :: Spring Boot ::                (v3.2.2)

2026-02-18T20:36:59.328+05:30  INFO 75909 --- [           main] c.r.RateLimiterIntegrationTest           : Starting RateLimiterIntegrationTest using Java 25.0.2 with PID 75909 (started by anubhavgarg in /Users/anubhavgarg/Downloads/API-Rate-Limiter)
2026-02-18T20:36:59.328+05:30  INFO 75909 --- [           main] c.r.RateLimiterIntegrationTest           : No active profile set, falling back to 1 default profile: "default"
2026-02-18T20:36:59.525+05:30  INFO 75909 --- [           main] .s.d.r.c.RepositoryConfigurationDelegate : Multiple Spring Data modules found, entering strict repository configuration mode
2026-02-18T20:36:59.525+05:30  INFO 75909 --- [           main] .s.d.r.c.RepositoryConfigurationDelegate : Bootstrapping Spring Data JPA repositories in DEFAULT mode.
2026-02-18T20:36:59.531+05:30  INFO 75909 --- [           main] .s.d.r.c.RepositoryConfigurationDelegate : Finished Spring Data repository scanning in 5 ms. Found 1 JPA repository interface.
2026-02-18T20:36:59.532+05:30  INFO 75909 --- [           main] .s.d.r.c.RepositoryConfigurationDelegate : Multiple Spring Data modules found, entering strict repository configuration mode
2026-02-18T20:36:59.532+05:30  INFO 75909 --- [           main] .s.d.r.c.RepositoryConfigurationDelegate : Bootstrapping Spring Data Redis repositories in DEFAULT mode.
2026-02-18T20:36:59.534+05:30  INFO 75909 --- [           main] .RepositoryConfigurationExtensionSupport : Spring Data Redis - Could not safely identify store assignment for repository candidate interface com.ratelimiter.repository.RateLimitConfigRepository; If you want this repository to be a Redis repository, consider annotating your entities with one of these annotations: org.springframework.data.redis.core.RedisHash (preferred), or consider extending one of the following types with your repository: org.springframework.data.keyvalue.repository.KeyValueRepository
2026-02-18T20:36:59.534+05:30  INFO 75909 --- [           main] .s.d.r.c.RepositoryConfigurationDelegate : Finished Spring Data repository scanning in 1 ms. Found 0 Redis repository interfaces.
2026-02-18T20:36:59.588+05:30  INFO 75909 --- [           main] o.hibernate.jpa.internal.util.LogHelper  : HHH000204: Processing PersistenceUnitInfo [name: default]
2026-02-18T20:36:59.589+05:30  INFO 75909 --- [           main] o.h.c.internal.RegionFactoryInitiator    : HHH000026: Second-level cache disabled
2026-02-18T20:36:59.591+05:30  INFO 75909 --- [           main] o.s.o.j.p.SpringPersistenceUnitInfo      : No LoadTimeWeaver setup: ignoring JPA class transformer
2026-02-18T20:36:59.591+05:30  INFO 75909 --- [           main] com.zaxxer.hikari.HikariDataSource       : HikariPool-5 - Starting...
2026-02-18T20:36:59.592+05:30  INFO 75909 --- [           main] com.zaxxer.hikari.pool.HikariPool        : HikariPool-5 - Added connection conn40: url=jdbc:h2:mem:testdb user=SA
2026-02-18T20:36:59.592+05:30  INFO 75909 --- [           main] com.zaxxer.hikari.HikariDataSource       : HikariPool-5 - Start completed.
2026-02-18T20:36:59.592+05:30  WARN 75909 --- [           main] org.hibernate.orm.deprecation            : HHH90000025: H2Dialect does not need to be specified explicitly using 'hibernate.dialect' (remove the property setting and it will be selected by default)
2026-02-18T20:36:59.619+05:30  INFO 75909 --- [           main] o.h.e.t.j.p.i.JtaPlatformInitiator       : HHH000489: No JTA platform available (set 'hibernate.transaction.jta.platform' to enable JTA platform integration)
2026-02-18T20:36:59.621+05:30  INFO 75909 --- [           main] j.LocalContainerEntityManagerFactoryBean : Initialized JPA EntityManagerFactory for persistence unit 'default'
2026-02-18T20:36:59.674+05:30  INFO 75909 --- [           main] c.r.service.RateLimiterService           : Rate Limiter using: TOKEN_BUCKET algorithm
2026-02-18T20:36:59.749+05:30  WARN 75909 --- [           main] JpaBaseConfiguration$JpaWebConfiguration : spring.jpa.open-in-view is enabled by default. Therefore, database queries may be performed during view rendering. Explicitly configure spring.jpa.open-in-view to disable this warning
2026-02-18T20:36:59.950+05:30  INFO 75909 --- [           main] o.s.b.t.m.w.SpringBootMockServletContext : Initializing Spring TestDispatcherServlet ''
2026-02-18T20:36:59.950+05:30  INFO 75909 --- [           main] o.s.t.web.servlet.TestDispatcherServlet  : Initializing Servlet ''
2026-02-18T20:36:59.952+05:30  INFO 75909 --- [           main] o.s.b.a.e.web.EndpointLinksResolver      : Exposing 1 endpoint(s) beneath base path '/actuator'
2026-02-18T20:36:59.956+05:30  INFO 75909 --- [           main] o.s.t.web.servlet.TestDispatcherServlet  : Completed initialization in 6 ms
2026-02-18T20:36:59.968+05:30  INFO 75909 --- [           main] c.r.RateLimiterIntegrationTest           : Started RateLimiterIntegrationTest in 0.659 seconds (process running for 9.297)
2026-02-18T20:37:00.002+05:30  WARN 75909 --- [           main] c.r.service.RateLimiterService           : Rate limit exceeded for identifier: integration-user-1
]]></system-out>
  </testcase>
  <testcase name="testRateLimitHeadersPresentOnAllResponses" classname="com.ratelimiter.RateLimiterIntegrationTest" time="0.821">
    <system-out><![CDATA[2026-02-18T20:37:00.011+05:30  INFO 75909 --- [           main] j.LocalContainerEntityManagerFactoryBean : Closing JPA EntityManagerFactory for persistence unit 'default'
2026-02-18T20:37:00.012+05:30  INFO 75909 --- [           main] com.zaxxer.hikari.HikariDataSource       : HikariPool-5 - Shutdown initiated...
2026-02-18T20:37:00.012+05:30  INFO 75909 --- [           main] com.zaxxer.hikari.HikariDataSource       : HikariPool-5 - Shutdown completed.

  .   ____          _            __ _ _
 /\\ / ___'_ __ _ _(_)_ __  __ _ \ \ \ \
( ( )\___ | '_ | '_| | '_ \/ _` | \ \ \ \
 \\/  ___)| |_)| | | | | || (_| |  ) ) ) )
  '  |____| .__|_| |_|_| |_\__, | / / / /
 =========|_|==============|___/=/_/_/_/
 :: Spring Boot ::                (v3.2.2)

2026-02-18T20:37:00.026+05:30  INFO 75909 --- [           main] c.r.RateLimiterIntegrationTest           : Starting RateLimiterIntegrationTest using Java 25.0.2 with PID 75909 (started by anubhavgarg in /Users/anubhavgarg/Downloads/API-Rate-Limiter)
2026-02-18T20:37:00.026+05:30  INFO 75909 --- [           main] c.r.RateLimiterIntegrationTest           : No active profile set, falling back to 1 default profile: "default"
2026-02-18T20:37:00.168+05:30  INFO 75909 --- [           main] .s.d.r.c.RepositoryConfigurationDelegate : Multiple Spring Data modules found, entering strict repository configuration mode
2026-02-18T20:37:00.168+05:30  INFO 75909 --- [           main] .s.d.r.c.RepositoryConfigurationDelegate : Bootstrapping Spring Data JPA repositories in DEFAULT mode.
2026-02-18T20:37:00.174+05:30  INFO 75909 --- [           main] .s.d.r.c.RepositoryConfigurationDelegate : Finished Spring Data repository scanning in 5 ms. Found 1 JPA repository interface.
2026-02-18T20:37:00.175+05:30  INFO 75909 --- [           main] .s.d.r.c.RepositoryConfigurationDelegate : Multiple Spring Data modules found, entering strict repository configuration mode
2026-02-18T20:37:00.175+05:30  INFO 75909 --- [           main] .s.d.r.c.RepositoryConfigurationDelegate : Bootstrapping Spring Data Redis repositories in DEFAULT mode.
2026-02-18T20:37:00.177+05:30  INFO 75909 --- [           main] .RepositoryConfigurationExtensionSupport : Spring Data Redis - Could not safely identify store assignment for repository candidate interface com.ratelimiter.repository.RateLimitConfigRepository; If you want this repository to be a Redis repository, consider annotating your entities with one of these annotations: org.springframework.data.redis.core.RedisHash (preferred), or consider extending one of the following types with your repository: org.springframework.data.keyvalue.repository.KeyValueRepository
2026-02-18T20:37:00.177+05:30  INFO 75909 --- [           main] .s.d.r.c.RepositoryConfigurationDelegate : Finished Spring Data repository scanning in 1 ms. Found 0 Redis repository interfaces.
2026-02-18T20:37:00.259+05:30  INFO 75909 --- [           main] o.hibernate.jpa.internal.util.LogHelper  : HHH000204: Processing PersistenceUnitInfo [name: default]
2026-02-18T20:37:00.260+05:30  INFO 75909 --- [           main] o.h.c.internal.RegionFactoryInitiator    : HHH000026: Second-level cache disabled
2026-02-18T20:37:00.263+05:30  INFO 75909 --- [           main] o.s.o.j.p.SpringPersistenceUnitInfo      : No LoadTimeWeaver setup: ignoring JPA class transformer
2026-02-18T20:37:00.263+05:30  INFO 75909 --- [           main] com.zaxxer.hikari.HikariDataSource       : HikariPool-6 - Starting...
2026-02-18T20:37:00.264+05:30  INFO 75909 --- [           main] com.zaxxer.hikari.pool.HikariPool        : HikariPool-6 - Added connection conn50: url=jdbc:h2:mem:testdb user=SA
2026-02-18T20:37:00.264+05:30  INFO 75909 --- [           main] com.zaxxer.hikari.HikariDataSource       : HikariPool-6 - Start completed.
2026-02-18T20:37:00.265+05:30  WARN 75909 --- [           main] org.hibernate.orm.deprecation            : HHH90000025: H2Dialect does not need to be specified explicitly using 'hibernate.dialect' (remove the property setting and it will be selected by default)
2026-02-18T20:37:00.293+05:30  INFO 75909 --- [           main] o.h.e.t.j.p.i.JtaPlatformInitiator       : HHH000489: No JTA platform available (set 'hibernate.transaction.jta.platform' to enable JTA platform integration)
2026-02-18T20:37:00.296+05:30  INFO 75909 --- [           main] j.LocalContainerEntityManagerFactoryBean : Initialized JPA EntityManagerFactory for persistence unit 'default'
2026-02-18T20:37:00.371+05:30  INFO 75909 --- [           main] c.r.service.RateLimiterService           : Rate Limiter using: TOKEN_BUCKET algorithm
2026-02-18T20:37:00.480+05:30  WARN 75909 --- [           main] JpaBaseConfiguration$JpaWebConfiguration : spring.jpa.open-in-view is enabled by default. Therefore, database queries may be performed during view rendering. Explicitly configure spring.jpa.open-in-view to disable this warning
2026-02-18T20:37:00.757+05:30  INFO 75909 --- [           main] o.s.b.t.m.w.SpringBootMockServletContext : Initializing Spring TestDispatcherServlet ''
2026-02-18T20:37:00.757+05:30  INFO 75909 --- [           main] o.s.t.web.servlet.TestDispatcherServlet  : Initializing Servlet ''
2026-02-18T20:37:00.760+05:30  INFO 75909 --- [           main] o.s.b.a.e.web.EndpointLinksResolver      : Exposing 1 endpoint(s) beneath base path '/actuator'
2026-02-18T20:37:00.764+05:30  INFO 75909 --- [           main] o.s.t.web.servlet.TestDispatcherServlet  : Completed initialization in 7 ms
2026-02-18T20:37:00.778+05:30  INFO 75909 --- [           main] c.r.RateLimiterIntegrationTest           : Started RateLimiterIntegrationTest in 0.764 seconds (process running for 10.106)
]]></system-out>
  </testcase>
  <testcase name="testRetryAfterHeaderOnRateLimitExceeded" classname="com.ratelimiter.RateLimiterIntegrationTest" time="0.619">
    <system-out><![CDATA[2026-02-18T20:37:00.832+05:30  INFO 75909 --- [           main] j.LocalContainerEntityManagerFactoryBean : Closing JPA EntityManagerFactory for persistence unit 'default'
2026-02-18T20:37:00.834+05:30  INFO 75909 --- [           main] com.zaxxer.hikari.HikariDataSource       : HikariPool-6 - Shutdown initiated...
2026-02-18T20:37:00.834+05:30  INFO 75909 --- [           main] com.zaxxer.hikari.HikariDataSource       : HikariPool-6 - Shutdown completed.

  .   ____          _            __ _ _
 /\\ / ___'_ __ _ _(_)_ __  __ _ \ \ \ \
( ( )\___ | '_ | '_| | '_ \/ _` | \ \ \ \
 \\/  ___)| |_)| | | | | || (_| |  ) ) ) )
  '  |____| .__|_| |_|_| |_\__, | / / / /
 =========|_|==============|___/=/_/_/_/
 :: Spring Boot ::                (v3.2.2)

2026-02-18T20:37:00.847+05:30  INFO 75909 --- [           main] c.r.RateLimiterIntegrationTest           : Starting RateLimiterIntegrationTest using Java 25.0.2 with PID 75909 (started by anubhavgarg in /Users/anubhavgarg/Downloads/API-Rate-Limiter)
2026-02-18T20:37:00.847+05:30  INFO 75909 --- [           main] c.r.RateLimiterIntegrationTest           : No active profile set, falling back to 1 default profile: "default"
2026-02-18T20:37:00.986+05:30  INFO 75909 --- [           main] .s.d.r.c.RepositoryConfigurationDelegate : Multiple Spring Data modules found, entering strict repository configuration mode
2026-02-18T20:37:00.987+05:30  INFO 75909 --- [           main] .s.d.r.c.RepositoryConfigurationDelegate : Bootstrapping Spring Data JPA repositories in DEFAULT mode.
2026-02-18T20:37:00.993+05:30  INFO 75909 --- [           main] .s.d.r.c.RepositoryConfigurationDelegate : Finished Spring Data repository scanning in 5 ms. Found 1 JPA repository interface.
2026-02-18T20:37:00.994+05:30  INFO 75909 --- [           main] .s.d.r.c.RepositoryConfigurationDelegate : Multiple Spring Data modules found, entering strict repository configuration mode
2026-02-18T20:37:00.994+05:30  INFO 75909 --- [           main] .s.d.r.c.RepositoryConfigurationDelegate : Bootstrapping Spring Data Redis repositories in DEFAULT mode.
2026-02-18T20:37:00.996+05:30  INFO 75909 --- [           main] .RepositoryConfigurationExtensionSupport : Spring Data Redis - Could not safely identify store assignment for repository candidate interface com.ratelimiter.repository.RateLimitConfigRepository; If you want this repository to be a Redis repository, consider annotating your entities with one of these annotations: org.springframework.data.redis.core.RedisHash (preferred), or consider extending one of the following types with your repository: org.springframework.data.keyvalue.repository.KeyValueRepository
2026-02-18T20:37:00.996+05:30  INFO 75909 --- [           main] .s.d.r.c.RepositoryConfigurationDelegate : Finished Spring Data repository scanning in 1 ms. Found 0 Redis repository interfaces.
2026-02-18T20:37:01.047+05:30  INFO 75909 --- [           main] o.hibernate.jpa.internal.util.LogHelper  : HHH000204: Processing PersistenceUnitInfo [name: default]
2026-02-18T20:37:01.049+05:30  INFO 75909 --- [           main] o.h.c.internal.RegionFactoryInitiator    : HHH000026: Second-level cache disabled
2026-02-18T20:37:01.050+05:30  INFO 75909 --- [           main] o.s.o.j.p.SpringPersistenceUnitInfo      : No LoadTimeWeaver setup: ignoring JPA class transformer
2026-02-18T20:37:01.051+05:30  INFO 75909 --- [           main] com.zaxxer.hikari.HikariDataSource       : HikariPool-7 - Starting...
2026-02-18T20:37:01.051+05:30  INFO 75909 --- [           main] com.zaxxer.hikari.pool.HikariPool        : HikariPool-7 - Added connection conn60: url=jdbc:h2:mem:testdb user=SA
2026-02-18T20:37:01.051+05:30  INFO 75909 --- [           main] com.zaxxer.hikari.HikariDataSource       : HikariPool-7 - Start completed.
2026-02-18T20:37:01.052+05:30  WARN 75909 --- [           main] org.hibernate.orm.deprecation            : HHH90000025: H2Dialect does not need to be specified explicitly using 'hibernate.dialect' (remove the property setting and it will be selected by default)
2026-02-18T20:37:01.070+05:30  INFO 75909 --- [           main] o.h.e.t.j.p.i.JtaPlatformInitiator       : HHH000489: No JTA platform available (set 'hibernate.transaction.jta.platform' to enable JTA platform integration)
2026-02-18T20:37:01.072+05:30  INFO 75909 --- [           main] j.LocalContainerEntityManagerFactoryBean : Initialized JPA EntityManagerFactory for persistence unit 'default'
2026-02-18T20:37:01.126+05:30  INFO 75909 --- [           main] c.r.service.RateLimiterService           : Rate Limiter using: TOKEN_BUCKET algorithm
2026-02-18T20:37:01.199+05:30  WARN 75909 --- [           main] JpaBaseConfiguration$JpaWebConfiguration : spring.jpa.open-in-view is enabled by default. Therefore, database queries may be performed during view rendering. Explicitly configure spring.jpa.open-in-view to disable this warning
2026-02-18T20:37:01.381+05:30  INFO 75909 --- [           main] o.s.b.t.m.w.SpringBootMockServletContext : Initializing Spring TestDispatcherServlet ''
2026-02-18T20:37:01.381+05:30  INFO 75909 --- [           main] o.s.t.web.servlet.TestDispatcherServlet  : Initializing Servlet ''
2026-02-18T20:37:01.383+05:30  INFO 75909 --- [           main] o.s.b.a.e.web.EndpointLinksResolver      : Exposing 1 endpoint(s) beneath base path '/actuator'
2026-02-18T20:37:01.388+05:30  INFO 75909 --- [           main] o.s.t.web.servlet.TestDispatcherServlet  : Completed initialization in 7 ms
2026-02-18T20:37:01.413+05:30  INFO 75909 --- [           main] c.r.RateLimiterIntegrationTest           : Started RateLimiterIntegrationTest in 0.578 seconds (process running for 10.741)
2026-02-18T20:37:01.444+05:30  WARN 75909 --- [           main] c.r.service.RateLimiterService           : Rate limit exceeded for identifier: integration-user-3
]]></system-out>
  </testcase>
  <testcase name="testRemainingDecrementsWithEachRequest" classname="com.ratelimiter.RateLimiterIntegrationTest" time="0.541">
    <system-out><![CDATA[2026-02-18T20:37:01.452+05:30  INFO 75909 --- [           main] j.LocalContainerEntityManagerFactoryBean : Closing JPA EntityManagerFactory for persistence unit 'default'
2026-02-18T20:37:01.453+05:30  INFO 75909 --- [           main] com.zaxxer.hikari.HikariDataSource       : HikariPool-7 - Shutdown initiated...
2026-02-18T20:37:01.453+05:30  INFO 75909 --- [           main] com.zaxxer.hikari.HikariDataSource       : HikariPool-7 - Shutdown completed.

  .   ____          _            __ _ _
 /\\ / ___'_ __ _ _(_)_ __  __ _ \ \ \ \
( ( )\___ | '_ | '_| | '_ \/ _` | \ \ \ \
 \\/  ___)| |_)| | | | | || (_| |  ) ) ) )
  '  |____| .__|_| |_|_| |_\__, | / / / /
 =========|_|==============|___/=/_/_/_/
 :: Spring Boot ::                (v3.2.2)

2026-02-18T20:37:01.466+05:30  INFO 75909 --- [           main] c.r.RateLimiterIntegrationTest           : Starting RateLimiterIntegrationTest using Java 25.0.2 with PID 75909 (started by anubhavgarg in /Users/anubhavgarg/Downloads/API-Rate-Limiter)
2026-02-18T20:37:01.466+05:30  INFO 75909 --- [           main] c.r.RateLimiterIntegrationTest           : No active profile set, falling back to 1 default profile: "default"
2026-02-18T20:37:01.605+05:30  INFO 75909 --- [           main] .s.d.r.c.RepositoryConfigurationDelegate : Multiple Spring Data modules found, entering strict repository configuration mode
2026-02-18T20:37:01.606+05:30  INFO 75909 --- [           main] .s.d.r.c.RepositoryConfigurationDelegate : Bootstrapping Spring Data JPA repositories in DEFAULT mode.
2026-02-18T20:37:01.611+05:30  INFO 75909 --- [           main] .s.d.r.c.RepositoryConfigurationDelegate : Finished Spring Data repository scanning in 4 ms. Found 1 JPA repository interface.
2026-02-18T20:37:01.612+05:30  INFO 75909 --- [           main] .s.d.r.c.RepositoryConfigurationDelegate : Multiple Spring Data modules found, entering strict repository configuration mode
2026-02-18T20:37:01.612+05:30  INFO 75909 --- [           main] .s.d.r.c.RepositoryConfigurationDelegate : Bootstrapping Spring Data Redis repositories in DEFAULT mode.
2026-02-18T20:37:01.613+05:30  INFO 75909 --- [           main] .RepositoryConfigurationExtensionSupport : Spring Data Redis - Could not safely identify store assignment for repository candidate interface com.ratelimiter.repository.RateLimitConfigRepository; If you want this repository to be a Redis repository, consider annotating your entities with one of these annotations: org.springframework.data.redis.core.RedisHash (preferred), or consider extending one of the following types with your repository: org.springframework.data.keyvalue.repository.KeyValueRepository
2026-02-18T20:37:01.614+05:30  INFO 75909 --- [           main] .s.d.r.c.RepositoryConfigurationDelegate : Finished Spring Data repository scanning in 1 ms. Found 0 Redis repository interfaces.
2026-02-18T20:37:01.660+05:30  INFO 75909 --- [           main] o.hibernate.jpa.internal.util.LogHelper  : HHH000204: Processing PersistenceUnitInfo [name: default]
2026-02-18T20:37:01.661+05:30  INFO 75909 --- [           main] o.h.c.internal.RegionFactoryInitiator    : HHH000026: Second-level cache disabled
2026-02-18T20:37:01.663+05:30  INFO 75909 --- [           main] o.s.o.j.p.SpringPersistenceUnitInfo      : No LoadTimeWeaver setup: ignoring JPA class transformer
2026-02-18T20:37:01.663+05:30  INFO 75909 --- [           main] com.zaxxer.hikari.HikariDataSource       : HikariPool-8 - Starting...
2026-02-18T20:37:01.664+05:30  INFO 75909 --- [           main] com.zaxxer.hikari.pool.HikariPool        : HikariPool-8 - Added connection conn70: url=jdbc:h2:mem:testdb user=SA
2026-02-18T20:37:01.664+05:30  INFO 75909 --- [           main] com.zaxxer.hikari.HikariDataSource       : HikariPool-8 - Start completed.
2026-02-18T20:37:01.664+05:30  WARN 75909 --- [           main] org.hibernate.orm.deprecation            : HHH90000025: H2Dialect does not need to be specified explicitly using 'hibernate.dialect' (remove the property setting and it will be selected by default)
2026-02-18T20:37:01.682+05:30  INFO 75909 --- [           main] o.h.e.t.j.p.i.JtaPlatformInitiator       : HHH000489: No JTA platform available (set 'hibernate.transaction.jta.platform' to enable JTA platform integration)
2026-02-18T20:37:01.684+05:30  INFO 75909 --- [           main] j.LocalContainerEntityManagerFactoryBean : Initialized JPA EntityManagerFactory for persistence unit 'default'
2026-02-18T20:37:01.724+05:30  INFO 75909 --- [           main] c.r.service.RateLimiterService           : Rate Limiter using: TOKEN_BUCKET algorithm
2026-02-18T20:37:01.797+05:30  WARN 75909 --- [           main] JpaBaseConfiguration$JpaWebConfiguration : spring.jpa.open-in-view is enabled by default. Therefore, database queries may be performed during view rendering. Explicitly configure spring.jpa.open-in-view to disable this warning
2026-02-18T20:37:01.955+05:30  INFO 75909 --- [           main] o.s.b.t.m.w.SpringBootMockServletContext : Initializing Spring TestDispatcherServlet ''
2026-02-18T20:37:01.955+05:30  INFO 75909 --- [           main] o.s.t.web.servlet.TestDispatcherServlet  : Initializing Servlet ''
2026-02-18T20:37:01.957+05:30  INFO 75909 --- [           main] o.s.b.a.e.web.EndpointLinksResolver      : Exposing 1 endpoint(s) beneath base path '/actuator'
2026-02-18T20:37:01.960+05:30  INFO 75909 --- [           main] o.s.t.web.servlet.TestDispatcherServlet  : Completed initialization in 5 ms
2026-02-18T20:37:01.971+05:30  INFO 75909 --- [           main] c.r.RateLimiterIntegrationTest           : Started RateLimiterIntegrationTest in 0.516 seconds (process running for 11.299)
]]></system-out>
  </testcase>
</testsuite>