<?xml version="1.0" encoding="UTF-8"?>
<testsuite xmlns:xsi="http://www.w3.org/2001/XMLSchema-instance" xsi:noNamespaceSchemaLocation="https://maven.apache.org/surefire/maven-surefire-plugin/xsd/surefire-test-report-3.0.xsd" version="3.0" name="com.ratelimiter.service.strategy.SlidingWindowStrategyTest" time="2.212" tests="6" errors="0" skipped="0" failures="0">
  <properties>
[...]
</properties>
  <testcase name="testDifferentIdentifiersTrackedSeparately" classname="com.ratelimiter.service.strategy.SlidingWindowStrategyTest" time="0.001"/>
  <testcase name="testAllowsRequestWithinLimit" classname="com.ratelimiter.service.strategy.SlidingWindowStrategyTest" time="0.0"/>
  <testcase name="testRejectsRequestOverLimit" classname="com.ratelimiter.service.strategy.SlidingWindowStrategyTest" time="0.001"/>
  <testcase name="testResetClearsWindow" classname="com.ratelimiter.service.strategy.SlidingWindowStrategyTest" time="0.001"/>
  <testcase name="testWindowSlides" classname="com.ratelimiter.service.strategy.SlidingWindowStrategyTest" time="2.205"/>
  <testcase name="testGetRemainingRequests" classname="com.ratelimiter.service.strategy.SlidingWindowStrategyTest" time="0.002"/>
</testsuite>